Performing C SOURCE FILE Test CMAKE_HAVE_LIBC_PTHREAD failed with the following output:
Change Dir: /media/eric/New Volume/Maestry/III_Semestre/Tesis/Code/Mine/CNAV/build/CMakeFiles/CMakeTmp

Run Build Command(s):/usr/bin/gmake cmTC_5b399/fast && /usr/bin/gmake  -f CMakeFiles/cmTC_5b399.dir/build.make CMakeFiles/cmTC_5b399.dir/build
gmake[1]: Entering directory '/media/eric/New Volume/Maestry/III_Semestre/Tesis/Code/Mine/CNAV/build/CMakeFiles/CMakeTmp'
Building C object CMakeFiles/cmTC_5b399.dir/src.c.o
/bin/x86_64-linux-gnu-gcc-10   -DCMAKE_HAVE_LIBC_PTHREAD -o CMakeFiles/cmTC_5b399.dir/src.c.o -c "/media/eric/New Volume/Maestry/III_Semestre/Tesis/Code/Mine/CNAV/build/CMakeFiles/CMakeTmp/src.c"
Linking C executable cmTC_5b399
/usr/bin/cmake -E cmake_link_script CMakeFiles/cmTC_5b399.dir/link.txt --verbose=1
/bin/x86_64-linux-gnu-gcc-10  -DCMAKE_HAVE_LIBC_PTHREAD -rdynamic CMakeFiles/cmTC_5b399.dir/src.c.o -o cmTC_5b399 
/usr/bin/ld: CMakeFiles/cmTC_5b399.dir/src.c.o: in function `main':
src.c:(.text+0x2f): undefined reference to `pthread_create'
/usr/bin/ld: src.c:(.text+0x3b): undefined reference to `pthread_detach'
/usr/bin/ld: src.c:(.text+0x47): undefined reference to `pthread_cancel'
/usr/bin/ld: src.c:(.text+0x58): undefined reference to `pthread_join'
collect2: error: ld returned 1 exit status
gmake[1]: *** [CMakeFiles/cmTC_5b399.dir/build.make:106: cmTC_5b399] Error 1
gmake[1]: Leaving directory '/media/eric/New Volume/Maestry/III_Semestre/Tesis/Code/Mine/CNAV/build/CMakeFiles/CMakeTmp'
gmake: *** [Makefile:140: cmTC_5b399/fast] Error 2


Source file was:
#include <pthread.h>

void* test_func(void* data)
{
  return data;
}

int main(void)
{
  pthread_t thread;
  pthread_create(&thread, NULL, test_func, NULL);
  pthread_detach(thread);
  pthread_cancel(thread);
  pthread_join(thread, NULL);
  pthread_atfork(NULL, NULL, NULL);
  pthread_exit(NULL);

  return 0;
}

Determining if the function pthread_create exists in the pthreads failed with the following output:
Change Dir: /media/eric/New Volume/Maestry/III_Semestre/Tesis/Code/Mine/CNAV/build/CMakeFiles/CMakeTmp

Run Build Command(s):/usr/bin/gmake cmTC_9bbee/fast && /usr/bin/gmake  -f CMakeFiles/cmTC_9bbee.dir/build.make CMakeFiles/cmTC_9bbee.dir/build
gmake[1]: Entering directory '/media/eric/New Volume/Maestry/III_Semestre/Tesis/Code/Mine/CNAV/build/CMakeFiles/CMakeTmp'
Building C object CMakeFiles/cmTC_9bbee.dir/CheckFunctionExists.c.o
/bin/x86_64-linux-gnu-gcc-10   -DCHECK_FUNCTION_EXISTS=pthread_create -o CMakeFiles/cmTC_9bbee.dir/CheckFunctionExists.c.o -c /usr/share/cmake-3.18/Modules/CheckFunctionExists.c
Linking C executable cmTC_9bbee
/usr/bin/cmake -E cmake_link_script CMakeFiles/cmTC_9bbee.dir/link.txt --verbose=1
/bin/x86_64-linux-gnu-gcc-10  -DCHECK_FUNCTION_EXISTS=pthread_create -rdynamic CMakeFiles/cmTC_9bbee.dir/CheckFunctionExists.c.o -o cmTC_9bbee  -lpthreads 
/usr/bin/ld: cannot find -lpthreads
collect2: error: ld returned 1 exit status
gmake[1]: *** [CMakeFiles/cmTC_9bbee.dir/build.make:106: cmTC_9bbee] Error 1
gmake[1]: Leaving directory '/media/eric/New Volume/Maestry/III_Semestre/Tesis/Code/Mine/CNAV/build/CMakeFiles/CMakeTmp'
gmake: *** [Makefile:140: cmTC_9bbee/fast] Error 2



